  pch.cpp
  DigDug1PlayerScene.cpp
  DigDug2PlayerScene.cpp
  DigDugVersusScene.cpp
  GameSelectScene.cpp
  LivesComponent.cpp
  LivesDisplayComponent.cpp
  main.cpp
  DigDugEnemyComponent.cpp
  DigDugGame.cpp
  DigDugLevelComponent.cpp
  DigDugPlayerComponent.cpp
  DigDugPlayerStates.cpp
  DigDugPrefabs.cpp
  DigDugLevelEditScene.cpp
  FygarComponent.cpp
  FygarFireComponent.cpp
  EnemyAI.cpp
  PumpComponent.cpp
  RockComponent.cpp
  ScoreComponent.cpp
  Compiling...
  SPModeComponent.cpp
  VSModeComponent.cpp
  Generating code
  All 4319 functions were compiled because no usable IPDB/IOBJ from previous compilation was found.
  Finished generating code
  DigDug.vcxproj -> E:\Programming 4\GameEngine\Release\DigDug.exe
