  MiniginPCH.cpp
  AISystem.cpp
  DigDugPlayerComponent.cpp
  DigDugPlayerStates.cpp
  DigDugPrefabs.cpp
  Grid.cpp
  PookaComponent.cpp
  PumpComponent.cpp
  Tile.cpp
  ColliderComponent.cpp
  CollisionSystem.cpp
  DigDugLevelComponent.cpp
  DigDugScene.cpp
  Font.cpp
  FPSComponent.cpp
  FiniteStateMachine.cpp
  GameObject.cpp
  InputManager.cpp
  Log.cpp
  Main.cpp
  Minigin.cpp
  Compiling...
  PlayerController.cpp
  Renderer.cpp
  ResourceManager.cpp
  Scene.cpp
  SceneManager.cpp
  SpriteComponent.cpp
  TextComponent.cpp
  Texture2D.cpp
  TextureComponent.cpp
  TransformComponent.cpp
     Creating library E:\Programming 4\GameEngine\Win32\Release\Minigin.lib and object E:\Programming 4\GameEngine\Win32\Release\Minigin.exp
  Generating code
  All 2171 functions were compiled because no usable IPDB/IOBJ from previous compilation was found.
  Finished generating code
  Minigin.vcxproj -> E:\Programming 4\GameEngine\Win32\Release\Minigin.exe
  E:\Programming 4\GameEngine\3rdParty\SDL2\lib\x86\SDL2.dll
  1 File(s) copied
  E:\Programming 4\GameEngine\3rdParty\SDL2_image\lib\x86\libjpeg-9.dll
  E:\Programming 4\GameEngine\3rdParty\SDL2_image\lib\x86\libpng16-16.dll
  E:\Programming 4\GameEngine\3rdParty\SDL2_image\lib\x86\libtiff-5.dll
  E:\Programming 4\GameEngine\3rdParty\SDL2_image\lib\x86\libwebp-7.dll
  E:\Programming 4\GameEngine\3rdParty\SDL2_image\lib\x86\SDL2_image.dll
  E:\Programming 4\GameEngine\3rdParty\SDL2_image\lib\x86\zlib1.dll
  6 File(s) copied
  E:\Programming 4\GameEngine\3rdParty\SDL2_ttf\lib\x86\libfreetype-6.dll
  E:\Programming 4\GameEngine\3rdParty\SDL2_ttf\lib\x86\SDL2_ttf.dll
  2 File(s) copied
