e:\programming 4\gameengine\minigin\x64\release\minigin.pch
e:\programming 4\gameengine\minigin\x64\release\minigin.pdb
e:\programming 4\gameengine\minigin\x64\release\miniginpch.obj
e:\programming 4\gameengine\minigin\x64\release\textcomponent.obj
e:\programming 4\gameengine\minigin\x64\release\spritecomponent.obj
e:\programming 4\gameengine\minigin\x64\release\scenemanager.obj
e:\programming 4\gameengine\minigin\x64\release\scene.obj
e:\programming 4\gameengine\minigin\x64\release\resourcemanager.obj
e:\programming 4\gameengine\minigin\x64\release\renderer.obj
e:\programming 4\gameengine\minigin\x64\release\playercontroller.obj
e:\programming 4\gameengine\minigin\x64\release\log.obj
e:\programming 4\gameengine\minigin\x64\release\inputmanager.obj
e:\programming 4\gameengine\minigin\x64\release\gameobject.obj
e:\programming 4\gameengine\minigin\x64\release\finitestatemachine.obj
e:\programming 4\gameengine\minigin\x64\release\fpscomponent.obj
e:\programming 4\gameengine\minigin\x64\release\font.obj
e:\programming 4\gameengine\minigin\x64\release\collisionsystem.obj
e:\programming 4\gameengine\minigin\x64\release\collidercomponent.obj
e:\programming 4\gameengine\minigin\x64\release\tile.obj
e:\programming 4\gameengine\minigin\x64\release\subjectcomponent.obj
e:\programming 4\gameengine\minigin\x64\release\minigin.obj
e:\programming 4\gameengine\minigin\x64\release\grid.obj
e:\programming 4\gameengine\minigin\x64\release\aisystem.obj
e:\programming 4\gameengine\minigin\x64\release\transformcomponent.obj
e:\programming 4\gameengine\minigin\x64\release\texturecomponent.obj
e:\programming 4\gameengine\minigin\x64\release\texture2d.obj
e:\programming 4\gameengine\x64\release\minigin.lib
e:\programming 4\gameengine\minigin\x64\release\minigin.tlog\cl.command.1.tlog
e:\programming 4\gameengine\minigin\x64\release\minigin.tlog\cl.read.1.tlog
e:\programming 4\gameengine\minigin\x64\release\minigin.tlog\cl.write.1.tlog
e:\programming 4\gameengine\minigin\x64\release\minigin.tlog\lib-link.read.1.tlog
e:\programming 4\gameengine\minigin\x64\release\minigin.tlog\lib-link.write.1.tlog
e:\programming 4\gameengine\minigin\x64\release\minigin.tlog\lib.command.1.tlog
