e:\programming 4\gameengine\digdug\debug\vc141.pdb
e:\programming 4\gameengine\digdug\debug\vc141.idb
e:\programming 4\gameengine\digdug\debug\main.obj
e:\programming 4\gameengine\digdug\debug\digduggame.obj
e:\programming 4\gameengine\digdug\debug\rockcomponent.obj
e:\programming 4\gameengine\digdug\debug\pumpcomponent.obj
e:\programming 4\gameengine\digdug\debug\pookaai.obj
e:\programming 4\gameengine\digdug\debug\fygarfirecomponent.obj
e:\programming 4\gameengine\digdug\debug\fygarcomponent.obj
e:\programming 4\gameengine\digdug\debug\digdugscene.obj
e:\programming 4\gameengine\digdug\debug\digdugplayercomponent.obj
e:\programming 4\gameengine\digdug\debug\digduglevelcomponent.obj
e:\programming 4\gameengine\digdug\debug\digdug.pch
e:\programming 4\gameengine\digdug\debug\pch.obj
e:\programming 4\gameengine\digdug\debug\digdugprefabs.obj
e:\programming 4\gameengine\digdug\debug\digdugplayerstates.obj
e:\programming 4\gameengine\digdug\debug\digdugenemycomponent.obj
e:\programming 4\gameengine\digdug\debug\livesdisplaycomponent.obj
e:\programming 4\gameengine\digdug\debug\livescomponent.obj
e:\programming 4\gameengine\debug\digdug.lib
e:\programming 4\gameengine\debug\digdug.exp
e:\programming 4\gameengine\debug\digdug.exe
e:\programming 4\gameengine\debug\digdug.ilk
e:\programming 4\gameengine\debug\digdug.pdb
e:\programming 4\gameengine\digdug\debug\digdug.obj
e:\programming 4\gameengine\digdug\debug\digdug.tlog\cl.command.1.tlog
e:\programming 4\gameengine\digdug\debug\digdug.tlog\cl.read.1.tlog
e:\programming 4\gameengine\digdug\debug\digdug.tlog\cl.write.1.tlog
e:\programming 4\gameengine\digdug\debug\digdug.tlog\digdug.write.1u.tlog
e:\programming 4\gameengine\digdug\debug\digdug.tlog\link-cvtres.read.1.tlog
e:\programming 4\gameengine\digdug\debug\digdug.tlog\link-cvtres.write.1.tlog
e:\programming 4\gameengine\digdug\debug\digdug.tlog\link-rc.read.1.tlog
e:\programming 4\gameengine\digdug\debug\digdug.tlog\link-rc.write.1.tlog
e:\programming 4\gameengine\digdug\debug\digdug.tlog\link.275036-cvtres.read.1.tlog
e:\programming 4\gameengine\digdug\debug\digdug.tlog\link.275036-cvtres.write.1.tlog
e:\programming 4\gameengine\digdug\debug\digdug.tlog\link.275036-rc.read.1.tlog
e:\programming 4\gameengine\digdug\debug\digdug.tlog\link.275036-rc.write.1.tlog
e:\programming 4\gameengine\digdug\debug\digdug.tlog\link.275036.read.1.tlog
e:\programming 4\gameengine\digdug\debug\digdug.tlog\link.275036.write.1.tlog
e:\programming 4\gameengine\digdug\debug\digdug.tlog\link.command.1.tlog
e:\programming 4\gameengine\digdug\debug\digdug.tlog\link.read.1.tlog
e:\programming 4\gameengine\digdug\debug\digdug.tlog\link.write.1.tlog
