e:\programming 4\gameengine\minigin\x64\debug\minigin.pch
e:\programming 4\gameengine\minigin\x64\debug\minigin.pdb
e:\programming 4\gameengine\minigin\x64\debug\minigin.idb
e:\programming 4\gameengine\minigin\x64\debug\miniginpch.obj
e:\programming 4\gameengine\minigin\x64\debug\textcomponent.obj
e:\programming 4\gameengine\minigin\x64\debug\spritecomponent.obj
e:\programming 4\gameengine\minigin\x64\debug\scenemanager.obj
e:\programming 4\gameengine\minigin\x64\debug\scene.obj
e:\programming 4\gameengine\minigin\x64\debug\resourcemanager.obj
e:\programming 4\gameengine\minigin\x64\debug\renderer.obj
e:\programming 4\gameengine\minigin\x64\debug\playercontroller.obj
e:\programming 4\gameengine\minigin\x64\debug\log.obj
e:\programming 4\gameengine\minigin\x64\debug\inputmanager.obj
e:\programming 4\gameengine\minigin\x64\debug\gameobject.obj
e:\programming 4\gameengine\minigin\x64\debug\finitestatemachine.obj
e:\programming 4\gameengine\minigin\x64\debug\fpscomponent.obj
e:\programming 4\gameengine\minigin\x64\debug\font.obj
e:\programming 4\gameengine\minigin\x64\debug\collisionsystem.obj
e:\programming 4\gameengine\minigin\x64\debug\collidercomponent.obj
e:\programming 4\gameengine\minigin\x64\debug\tile.obj
e:\programming 4\gameengine\minigin\x64\debug\subjectcomponent.obj
e:\programming 4\gameengine\minigin\x64\debug\minigin.obj
e:\programming 4\gameengine\minigin\x64\debug\grid.obj
e:\programming 4\gameengine\minigin\x64\debug\aisystem.obj
e:\programming 4\gameengine\minigin\x64\debug\transformcomponent.obj
e:\programming 4\gameengine\minigin\x64\debug\texturecomponent.obj
e:\programming 4\gameengine\minigin\x64\debug\texture2d.obj
e:\programming 4\gameengine\x64\debug\minigin.lib
e:\programming 4\gameengine\x64\debug\minigin.pdb
e:\programming 4\gameengine\minigin\x64\debug\minigin.tlog\cl.command.1.tlog
e:\programming 4\gameengine\minigin\x64\debug\minigin.tlog\cl.read.1.tlog
e:\programming 4\gameengine\minigin\x64\debug\minigin.tlog\cl.write.1.tlog
e:\programming 4\gameengine\minigin\x64\debug\minigin.tlog\lib-link.read.1.tlog
e:\programming 4\gameengine\minigin\x64\debug\minigin.tlog\lib-link.write.1.tlog
e:\programming 4\gameengine\minigin\x64\debug\minigin.tlog\lib.command.1.tlog
