e:\programming 4\gameengine\minigin\win32\debug\minigin.pch
e:\programming 4\gameengine\minigin\win32\debug\vc141.pdb
e:\programming 4\gameengine\minigin\win32\debug\vc141.idb
e:\programming 4\gameengine\minigin\win32\debug\miniginpch.obj
e:\programming 4\gameengine\minigin\win32\debug\texture2d.obj
e:\programming 4\gameengine\minigin\win32\debug\scenemanager.obj
e:\programming 4\gameengine\minigin\win32\debug\scene.obj
e:\programming 4\gameengine\minigin\win32\debug\resourcemanager.obj
e:\programming 4\gameengine\minigin\win32\debug\renderer.obj
e:\programming 4\gameengine\minigin\win32\debug\playercontrolcomponent.obj
e:\programming 4\gameengine\minigin\win32\debug\minigin.obj
e:\programming 4\gameengine\minigin\win32\debug\main.obj
e:\programming 4\gameengine\minigin\win32\debug\log.obj
e:\programming 4\gameengine\minigin\win32\debug\gameobject.obj
e:\programming 4\gameengine\minigin\win32\debug\fsmcomponent.obj
e:\programming 4\gameengine\minigin\win32\debug\fpscomponent.obj
e:\programming 4\gameengine\minigin\win32\debug\font.obj
e:\programming 4\gameengine\minigin\win32\debug\digdugbehavior.obj
e:\programming 4\gameengine\minigin\win32\debug\transformcomponent.obj
e:\programming 4\gameengine\minigin\win32\debug\texturecomponent.obj
e:\programming 4\gameengine\minigin\win32\debug\textcomponent.obj
e:\programming 4\gameengine\minigin\win32\debug\spritecomponent.obj
e:\programming 4\gameengine\minigin\win32\debug\inputmanager.obj
e:\programming 4\gameengine\minigin\win32\debug\digdugscene.obj
e:\programming 4\gameengine\minigin\win32\debug\playercontroller.obj
e:\programming 4\gameengine\minigin\win32\debug\collisionsystem.obj
e:\programming 4\gameengine\minigin\win32\debug\tile.obj
e:\programming 4\gameengine\minigin\win32\debug\collidercomponent.obj
e:\programming 4\gameengine\minigin\win32\debug\grid.obj
e:\programming 4\gameengine\minigin\win32\debug\digduglevelcomponent.obj
e:\programming 4\gameengine\minigin\win32\debug\finitestatemachine.obj
e:\programming 4\gameengine\minigin\win32\debug\digdugplayercomponent.obj
e:\programming 4\gameengine\minigin\win32\debug\digdugplayerstates.obj
e:\programming 4\gameengine\minigin\win32\debug\pumpcomponent.obj
e:\programming 4\gameengine\minigin\win32\debug\digdugprefabs.obj
e:\programming 4\gameengine\minigin\win32\debug\pookacomponent.obj
e:\programming 4\gameengine\win32\debug\minigin.exe
e:\programming 4\gameengine\win32\debug\minigin.ilk
e:\programming 4\gameengine\win32\debug\minigin.pdb
e:\programming 4\gameengine\win32\debug\minigin.lib
e:\programming 4\gameengine\win32\debug\minigin.exp
e:\programming 4\gameengine\minigin\win32\debug\digdugscene.obj.enc
e:\programming 4\gameengine\minigin\win32\debug\inputmanager.obj.enc
e:\programming 4\gameengine\minigin\win32\debug\minigin.obj.enc
e:\programming 4\gameengine\minigin\win32\debug\playercontroller.obj.enc
e:\programming 4\gameengine\minigin\win32\debug\scene.obj.enc
e:\programming 4\gameengine\minigin\win32\debug\minigin.tlog\cl.command.1.tlog
e:\programming 4\gameengine\minigin\win32\debug\minigin.tlog\cl.read.1.tlog
e:\programming 4\gameengine\minigin\win32\debug\minigin.tlog\cl.write.1.tlog
e:\programming 4\gameengine\minigin\win32\debug\minigin.tlog\link.command.1.tlog
e:\programming 4\gameengine\minigin\win32\debug\minigin.tlog\link.read.1.tlog
e:\programming 4\gameengine\minigin\win32\debug\minigin.tlog\link.write.1.tlog
e:\programming 4\gameengine\minigin\win32\debug\minigin.tlog\minigin.write.1u.tlog
