e:\programming 4\gameengine\digdug\x64\release\digdug.pch
e:\programming 4\gameengine\digdug\x64\release\vc141.pdb
e:\programming 4\gameengine\digdug\x64\release\pch.obj
e:\programming 4\gameengine\digdug\x64\release\scorecomponent.obj
e:\programming 4\gameengine\digdug\x64\release\rockcomponent.obj
e:\programming 4\gameengine\digdug\x64\release\pumpcomponent.obj
e:\programming 4\gameengine\digdug\x64\release\enemyai.obj
e:\programming 4\gameengine\digdug\x64\release\fygarfirecomponent.obj
e:\programming 4\gameengine\digdug\x64\release\fygarcomponent.obj
e:\programming 4\gameengine\digdug\x64\release\digdugleveleditscene.obj
e:\programming 4\gameengine\digdug\x64\release\digdugprefabs.obj
e:\programming 4\gameengine\digdug\x64\release\digdugplayerstates.obj
e:\programming 4\gameengine\digdug\x64\release\digdugplayercomponent.obj
e:\programming 4\gameengine\digdug\x64\release\digduglevelcomponent.obj
e:\programming 4\gameengine\digdug\x64\release\digduggame.obj
e:\programming 4\gameengine\digdug\x64\release\digdugenemycomponent.obj
e:\programming 4\gameengine\digdug\x64\release\main.obj
e:\programming 4\gameengine\digdug\x64\release\livesdisplaycomponent.obj
e:\programming 4\gameengine\digdug\x64\release\livescomponent.obj
e:\programming 4\gameengine\digdug\x64\release\gameselectscene.obj
e:\programming 4\gameengine\digdug\x64\release\digdugversusscene.obj
e:\programming 4\gameengine\digdug\x64\release\digdug2playerscene.obj
e:\programming 4\gameengine\digdug\x64\release\digdug1playerscene.obj
e:\programming 4\gameengine\digdug\x64\release\vsmodecomponent.obj
e:\programming 4\gameengine\digdug\x64\release\spmodecomponent.obj
e:\programming 4\gameengine\x64\release\digdug.ipdb
e:\programming 4\gameengine\x64\release\digdug.iobj
e:\programming 4\gameengine\x64\release\digdug.exe
e:\programming 4\gameengine\x64\release\digdug.pdb
e:\programming 4\gameengine\digdug\x64\release\digdug.tlog\cl.command.1.tlog
e:\programming 4\gameengine\digdug\x64\release\digdug.tlog\cl.read.1.tlog
e:\programming 4\gameengine\digdug\x64\release\digdug.tlog\cl.write.1.tlog
e:\programming 4\gameengine\digdug\x64\release\digdug.tlog\digdug.write.1u.tlog
e:\programming 4\gameengine\digdug\x64\release\digdug.tlog\link.command.1.tlog
e:\programming 4\gameengine\digdug\x64\release\digdug.tlog\link.read.1.tlog
e:\programming 4\gameengine\digdug\x64\release\digdug.tlog\link.write.1.tlog
