e:\programming 4\gameengine\digdug\x64\debug\digdug.pch
e:\programming 4\gameengine\digdug\x64\debug\vc141.pdb
e:\programming 4\gameengine\digdug\x64\debug\vc141.idb
e:\programming 4\gameengine\digdug\x64\debug\pch.obj
e:\programming 4\gameengine\digdug\x64\debug\scorecomponent.obj
e:\programming 4\gameengine\digdug\x64\debug\rockcomponent.obj
e:\programming 4\gameengine\digdug\x64\debug\pumpcomponent.obj
e:\programming 4\gameengine\digdug\x64\debug\enemyai.obj
e:\programming 4\gameengine\digdug\x64\debug\fygarfirecomponent.obj
e:\programming 4\gameengine\digdug\x64\debug\fygarcomponent.obj
e:\programming 4\gameengine\digdug\x64\debug\digdugleveleditscene.obj
e:\programming 4\gameengine\digdug\x64\debug\digdugprefabs.obj
e:\programming 4\gameengine\digdug\x64\debug\digdugplayerstates.obj
e:\programming 4\gameengine\digdug\x64\debug\digdugplayercomponent.obj
e:\programming 4\gameengine\digdug\x64\debug\digduglevelcomponent.obj
e:\programming 4\gameengine\digdug\x64\debug\digduggame.obj
e:\programming 4\gameengine\digdug\x64\debug\digdugenemycomponent.obj
e:\programming 4\gameengine\digdug\x64\debug\main.obj
e:\programming 4\gameengine\digdug\x64\debug\livesdisplaycomponent.obj
e:\programming 4\gameengine\digdug\x64\debug\livescomponent.obj
e:\programming 4\gameengine\digdug\x64\debug\gameselectscene.obj
e:\programming 4\gameengine\digdug\x64\debug\digdugversusscene.obj
e:\programming 4\gameengine\digdug\x64\debug\digdug2playerscene.obj
e:\programming 4\gameengine\digdug\x64\debug\digdug1playerscene.obj
e:\programming 4\gameengine\digdug\x64\debug\vsmodecomponent.obj
e:\programming 4\gameengine\digdug\x64\debug\spmodecomponent.obj
e:\programming 4\gameengine\x64\debug\digdug.lib
e:\programming 4\gameengine\x64\debug\digdug.exp
e:\programming 4\gameengine\x64\debug\digdug.ilk
e:\programming 4\gameengine\x64\debug\digdug.exe
e:\programming 4\gameengine\x64\debug\digdug.pdb
e:\programming 4\gameengine\digdug\x64\debug\digdug.tlog\cl.command.1.tlog
e:\programming 4\gameengine\digdug\x64\debug\digdug.tlog\cl.read.1.tlog
e:\programming 4\gameengine\digdug\x64\debug\digdug.tlog\cl.write.1.tlog
e:\programming 4\gameengine\digdug\x64\debug\digdug.tlog\digdug.write.1u.tlog
e:\programming 4\gameengine\digdug\x64\debug\digdug.tlog\link.command.1.tlog
e:\programming 4\gameengine\digdug\x64\debug\digdug.tlog\link.read.1.tlog
e:\programming 4\gameengine\digdug\x64\debug\digdug.tlog\link.write.1.tlog
