  pch.cpp
  DigDug1PlayerScene.cpp
  DigDug2PlayerScene.cpp
  DigDugVersusScene.cpp
  GameSelectScene.cpp
  LivesComponent.cpp
  LivesDisplayComponent.cpp
  main.cpp
  DigDugEnemyComponent.cpp
  DigDugGame.cpp
  DigDugLevelComponent.cpp
  DigDugPlayerComponent.cpp
  DigDugPlayerStates.cpp
  DigDugPrefabs.cpp
  DigDugLevelEditScene.cpp
  FygarComponent.cpp
  FygarFireComponent.cpp
  EnemyAI.cpp
  PumpComponent.cpp
  RockComponent.cpp
  ScoreComponent.cpp
  Generating Code...
  Compiling...
  SPModeComponent.cpp
  VSModeComponent.cpp
  Generating Code...
  DigDug.vcxproj -> E:\Programming 4\GameEngine\x64\Debug\DigDug.exe
